2025-09-02 14:54:23,218 - INFO - Sistema de logging inicializado
2025-09-02 14:54:23,218 - INFO - ============================================================
2025-09-02 14:54:23,218 - INFO - PROCESSADOR INTELIGENTE DE IMAGENS MULTI-MODELO
2025-09-02 14:54:23,218 - INFO - ============================================================
2025-09-02 14:54:23,218 - INFO - Iniciando busca de imagens em: C:\Users\LStivan\OneDrive - Advocacia Bichara\Documentos\www\Editor de imagem
2025-09-02 14:54:23,255 - INFO - Encontrados 9 arquivos de imagem
2025-09-02 14:54:23,255 - INFO - 🚀 Iniciando processamento inteligente de 9 imagens
2025-09-02 14:54:23,273 - INFO - Processando: Amassado.jpeg
2025-09-02 14:54:23,273 - INFO - Processando: CFP.jpeg
2025-09-02 14:54:23,273 - INFO - Processando: CPF_verso.jpeg
2025-09-02 14:54:23,273 - INFO - Processando: Doc_01.jpeg
2025-09-02 14:54:34,462 - INFO - Melhor modelo para Doc_01.jpeg: u2net (score=96.77)
2025-09-02 14:54:34,468 - INFO - Melhor modelo para Amassado.jpeg: u2net (score=67.52)
2025-09-02 14:54:35,167 - INFO - ✓ Amassado.jpeg -> Amassado_processado.pdf (11.89s)
2025-09-02 14:54:35,169 - INFO - ✓ Doc_01.jpeg -> Doc_01_processado.pdf (11.90s)
2025-09-02 14:54:35,216 - INFO - Processando: Doc_02.jpeg
2025-09-02 14:54:35,257 - INFO - Processando: Luz 2.png
2025-09-02 14:54:36,303 - INFO - Melhor modelo para CPF_verso.jpeg: u2net (score=97.47)
2025-09-02 14:54:37,082 - INFO - ✓ CPF_verso.jpeg -> CPF_verso_processado.pdf (13.81s)
2025-09-02 14:54:37,100 - INFO - Processando: Luz.jpeg
2025-09-02 14:54:37,102 - INFO - Melhor modelo para CFP.jpeg: silueta (score=82.61)
2025-09-02 14:54:37,982 - INFO - ✓ CFP.jpeg -> CFP_processado.pdf (14.71s)
2025-09-02 14:54:37,982 - INFO - Processando: Termo 2.png
2025-09-02 14:54:43,169 - INFO - Melhor modelo para Luz 2.png: u2net (score=84.91)
2025-09-02 14:54:44,323 - INFO - ✓ Luz 2.png -> Luz 2_processado.pdf (9.07s)
2025-09-02 14:54:44,323 - INFO - Processando: Termo.jpeg
2025-09-02 14:54:44,323 - INFO - 📊 Progresso: 5/9 (✅ 5 | ❌ 0)
2025-09-02 14:54:44,516 - INFO - Melhor modelo para Doc_02.jpeg: u2net (score=92.67)
2025-09-02 14:54:44,673 - INFO - ✓ Doc_02.jpeg -> Doc_02_processado.pdf (9.46s)
2025-09-02 14:54:46,644 - INFO - Melhor modelo para Luz.jpeg: u2netp (score=83.25)
2025-09-02 14:54:46,648 - INFO - Melhor modelo para Termo 2.png: silueta (score=71.03)
2025-09-02 14:54:46,786 - INFO - ✓ Luz.jpeg -> Luz_processado.pdf (9.69s)
2025-09-02 14:54:46,798 - INFO - ✓ Termo 2.png -> Termo 2_processado.pdf (8.82s)
2025-09-02 14:54:48,243 - INFO - Melhor modelo para Termo.jpeg: u2netp (score=55.19)
2025-09-02 14:54:48,316 - INFO - ✓ Termo.jpeg -> Termo_processado.pdf (3.99s)
2025-09-02 14:54:48,316 - INFO - 📊 Progresso: 9/9 (✅ 9 | ❌ 0)
2025-09-02 14:54:48,316 - INFO - 📦 Processamento finalizado
2025-09-02 14:54:48,316 - INFO - ============================================================
2025-09-02 14:54:48,316 - INFO - RESUMO DO PROCESSAMENTO INTELIGENTE
2025-09-02 14:54:48,316 - INFO - ============================================================
2025-09-02 14:54:48,316 - INFO - ✅ PDFs criados com sucesso: 9
2025-09-02 14:54:48,316 - INFO - 📄 Documentos textuais: 1
2025-09-02 14:54:48,316 - INFO - ✨ Fundos limpos: 0
2025-09-02 14:54:48,316 - INFO - 🎨 Imagens complexas: 8
2025-09-02 14:54:48,316 - INFO - ❌ Erros: 0
2025-09-02 14:54:48,316 - INFO - ⏱️ Tempo total: 25.06s
2025-09-02 14:54:48,316 - INFO - ⚡ Velocidade: 0.36 imgs/s
